
============================================================
CM-EG Pipeline — 2026-03-10 10:41
============================================================

[Phase 1] Scraping CRM data...
============================================================
CRM Call Report Scraper (Linux)
============================================================
Target date: 2026-03-10
Step 1: No cookies file, using headless browser...
WARNING: CRM scrape failed (BrowserType.launch: 
╔══════════════════════════════════════════════════════╗
║ Host system is missing dependencies to run browsers. ║
║ Missing libraries:                                   ║
║     libglib-2.0.so.0                                 ║
║     libgobject-2.0.so.0                              ║
║     libnss3.so                                       ║
║     libnssutil3.so                                   ║
║     libsmime3.so                                     ║
║     libnspr4.so                                      ║
║     libdbus-1.so.3                                   ║
║     libatk-1.0.so.0                                  ║
║     libatk-bridge-2.0.so.0                           ║
║     libcups.so.2                                     ║
║     libgio-2.0.so.0                                  ║
║     libdrm.so.2                                      ║
║     libexpat.so.1                                    ║
║     libxcb.so.1                                      ║
║     libxkbcommon.so.0                                ║
║     libatspi.so.0                                    ║
║     libX11.so.6                                      ║
║     libXcomposite.so.1                               ║
║     libXdamage.so.1                                  ║
║     libXext.so.6                                     ║
║     libXfixes.so.3                                   ║
║     libXrandr.so.2                                   ║
║     libgbm.so.1                                      ║
║     libpango-1.0.so.0                                ║
║     libcairo.so.2                                    ║
║     libasound.so.2                                   ║
╚══════════════════════════════════════════════════════╝). Using existing rawdata.xlsx sheet 1.

[Phase 2] Preparing data...
  CRM rows: 645
  IUR rows: 219
  Team structure: 7441 bytes

[Phase 3] Calling dashboard /process (CM-EG mode)...
Dashboard login OK (pipeline_bot)
Dashboard processed OK — stats: {'matched': 156, 'total_agents': 156, 'total_teams': 14, 'unmatched': 489}
  Stats: {'matched': 156, 'total_agents': 156, 'total_teams': 14, 'unmatched': 489}

[Phase 4] Rendering and screenshotting...
