
============================================================
CM-EG Pipeline — 2026-03-10 11:22
============================================================

[Phase 1] Scraping CRM data...
============================================================
CRM Call Report Scraper (Linux)
============================================================
Target date: 2026-03-10
Step 1: No cookies file, using headless browser...
Step 1: Logging in to CRM...
  After login: https://crm.51talk.com/admin/login.php
Step 2: Navigating to report page...
  Page: https://crm.51talk.com/admin/admin_login.php
Step 2: Setting date to 2026-03-10...
Step 3: Submitting query...
  WARNING: submit button not found
Step 4: Extracting table data...
ERROR during CRM scrape: Table extraction error: no table
DONE
WARNING: CRM scrape failed (Table extraction error: no table). Using existing rawdata.xlsx sheet 1.

[Phase 2] Preparing data...
  WARNING: No 'CM' sheet found. Using first sheet: 'EGCM structure'
  CRM rows: 645
  IUR rows: 219
  Team structure: 7774 bytes

[Phase 3] Calling dashboard /process (CM-EG mode)...
Dashboard login OK (pipeline_bot)
Dashboard processed OK — stats: {'matched': 166, 'total_agents': 166, 'total_teams': 15, 'unmatched': 479}
  Stats: {'matched': 166, 'total_agents': 166, 'total_teams': 15, 'unmatched': 479}

[Phase 4] Rendering and screenshotting...
  Injected dashboard HTML into: div#injectedDashboard (created)
  Exporting #teamsTable via html2canvas...
  PNG saved: /app/Output/CM_EG_Teams_Totals.png
  Exporting #teamDetailsContainer via html2canvas...
  PNG saved: /app/Output/CM_EG_Teams_Breakdown.png
  Saved: ['CM_EG_Teams_Totals.png', 'CM_EG_Teams_Breakdown.png']

[Phase 5] Sending to Lark...
Lark token OK. Uploading 2 image(s)...
Lark card sent to 1 group(s) (2 image(s)).

============================================================
Pipeline complete.
============================================================

