
============================================================
CM-EG Pipeline — 2026-03-10 11:18
============================================================

[Phase 1] Scraping CRM data...
============================================================
CRM Call Report Scraper (Linux)
============================================================
Target date: 2026-03-10
Step 1: No cookies file, using headless browser...
Step 1: Logging in to CRM...
  After login: https://crm.51talk.com/admin/login.php
Step 2: Navigating to report page...
  Page: https://crm.51talk.com/admin/admin_login.php
Step 2: Setting date to 2026-03-10...
Step 3: Submitting query...
  WARNING: submit button not found
Step 4: Extracting table data...
ERROR during CRM scrape: Table extraction error: no table
DONE
CRM scrape OK

[Phase 2] Preparing data...
